<?xml version="1.0" encoding="UTF-8"?>
<!-- Generated by org.testng.reporters.JUnitXMLReporter -->
<testsuite ignored="0" hostname="DESKTOP-35BHQ74" failures="1" tests="1" name="Google Search" time="6.192" errors="0" timestamp="2023-04-17T01:28:26 IST">
  <testcase classname="com.big.testNGscripts.TestNGInitiation" name="@AfterMethod closedBrowser" time="0.12">
    <failure type="java.lang.NullPointerException" message="Cannot invoke &amp;quot;com.aventstack.extentreports.ExtentTest.addScreenCaptureFromBase64String(String, String)&amp;quot; because the return value of &amp;quot;com.aventstack.extentreports.service.ExtentTestManager.getTest()&amp;quot; is null">
      <![CDATA[java.lang.NullPointerException: Cannot invoke "com.aventstack.extentreports.ExtentTest.addScreenCaptureFromBase64String(String, String)" because the return value of "com.aventstack.extentreports.service.ExtentTestManager.getTest()" is null
at com.big.testNGscripts.TestNGInitiation.closedBrowser(TestNGInitiation.java:38)
at java.base/java.util.ArrayList.forEach(ArrayList.java:1511)
... Removed 30 stack frames]]>
    </failure>
  </testcase> <!-- @AfterMethod closedBrowser -->
  <testcase classname="com.big.testNGscripts.assertt" name="test1" time="0.284">
    <failure type="java.lang.NullPointerException" message="Cannot invoke &amp;quot;com.aventstack.extentreports.ExtentTest.log(com.aventstack.extentreports.Status, String)&amp;quot; because the return value of &amp;quot;com.aventstack.extentreports.service.ExtentTestManager.getTest()&amp;quot; is null">
      <![CDATA[java.lang.NullPointerException: Cannot invoke "com.aventstack.extentreports.ExtentTest.log(com.aventstack.extentreports.Status, String)" because the return value of "com.aventstack.extentreports.service.ExtentTestManager.getTest()" is null
at com.big.utils.TestReusables.enterText(TestReusables.java:87)
at com.big.pageObjects.assertPO.login(assertPO.java:43)
at com.big.testNGscripts.assertt.test1(assertt.java:13)
at java.base/java.util.ArrayList.forEach(ArrayList.java:1511)
... Removed 25 stack frames]]>
    </failure>
  </testcase> <!-- test1 -->
</testsuite> <!-- Google Search -->
