<?xml version="1.0" encoding="UTF-8"?>
<!-- Generated by org.testng.reporters.JUnitXMLReporter -->
<testsuite ignored="2" hostname="DESKTOP-35BHQ74" failures="1" tests="3" name="SharedServices" time="17.882" errors="0" timestamp="2023-07-11T17:19:32 IST">
  <testcase classname="com.big.testNGscripts.TestNGInitiation" name="@AfterMethod closedBrowser" time="0.011">
    <failure type="java.lang.IllegalArgumentException" message="ScreenCapture&amp;apos;s base64 string must not be null or empty">
      <![CDATA[java.lang.IllegalArgumentException: ScreenCapture's base64 string must not be null or empty
at com.aventstack.extentreports.util.Assert.notEmpty(Assert.java:12)
at com.aventstack.extentreports.ExtentTest.addScreenCaptureFromBase64String(ExtentTest.java:1086)
at com.big.testNGscripts.TestNGInitiation.closedBrowser(TestNGInitiation.java:38)
at java.base/java.util.ArrayList.forEach(ArrayList.java:1511)
... Removed 30 stack frames]]>
    </failure>
  </testcase> <!-- @AfterMethod closedBrowser -->
  <testcase classname="com.big.testNGscripts.ReviewRFQ" name="Rev_RFQ" time="0.038">
    <skipped/>
  </testcase> <!-- Rev_RFQ -->
  <testcase classname="com.big.testNGscripts.ReviewRFQ" name="Rev_RFQ" time="0.015">
    <failure type="java.lang.NullPointerException" message="Cannot invoke &amp;quot;com.aventstack.extentreports.ExtentTest.info(String)&amp;quot; because the return value of &amp;quot;java.lang.ThreadLocal.get()&amp;quot; is null">
      <![CDATA[java.lang.NullPointerException: Cannot invoke "com.aventstack.extentreports.ExtentTest.info(String)" because the return value of "java.lang.ThreadLocal.get()" is null
at com.aventstack.extentreports.cucumber.adapter.ExtentCucumberAdapter.addTestStepLog(ExtentCucumberAdapter.java:486)
at com.big.utils.TestReusables.enterText(TestReusables.java:93)
at com.big.pageObjects.LoginScreenPO.login(LoginScreenPO.java:36)
at com.big.testNGscripts.ReviewRFQ.Rev_RFQ(ReviewRFQ.java:17)
at java.base/java.util.ArrayList.forEach(ArrayList.java:1511)
... Removed 25 stack frames]]>
    </failure>
  </testcase> <!-- Rev_RFQ -->
  <testcase classname="com.big.testNGscripts.ReviewRFQ" name="sel_vendr" time="0.0">
    <skipped/>
  </testcase> <!-- sel_vendr -->
  <testcase classname="com.big.testNGscripts.ReviewRFQ" name="Rej_vendr" time="0.0">
    <ignored/>
  </testcase> <!-- Rej_vendr -->
  <testcase classname="com.big.testNGscripts.ReviewRFQ" name="Negotiat_vendr" time="0.0">
    <ignored/>
  </testcase> <!-- Negotiat_vendr -->
</testsuite> <!-- SharedServices -->
